{"/workspace/expense-manager/server/controllers/categoryController.js": {"path":"/workspace/expense-manager/server/controllers/categoryController.js","statementMap":{"0":{"start":{"line":5,"column":22},"end":{"line":5,"column":56}},"1":{"start":{"line":13,"column":17},"end":{"line":13,"column":19}},"2":{"start":{"line":16,"column":2},"end":{"line":22,"column":3}},"3":{"start":{"line":17,"column":4},"end":{"line":17,"column":45}},"4":{"start":{"line":18,"column":9},"end":{"line":22,"column":3}},"5":{"start":{"line":19,"column":4},"end":{"line":19,"column":49}},"6":{"start":{"line":20,"column":9},"end":{"line":22,"column":3}},"7":{"start":{"line":21,"column":4},"end":{"line":21,"column":63}},"8":{"start":{"line":25,"column":2},"end":{"line":30,"column":3}},"9":{"start":{"line":26,"column":26},"end":{"line":26,"column":45}},"10":{"start":{"line":27,"column":4},"end":{"line":29,"column":5}},"11":{"start":{"line":28,"column":6},"end":{"line":28,"column":82}},"12":{"start":{"line":32,"column":2},"end":{"line":35,"column":4}},"13":{"start":{"line":43,"column":2},"end":{"line":43,"column":42}},"14":{"start":{"line":52,"column":2},"end":{"line":52,"column":43}},"15":{"start":{"line":62,"column":21},"end":{"line":62,"column":55}},"16":{"start":{"line":64,"column":2},"end":{"line":69,"column":3}},"17":{"start":{"line":65,"column":18},"end":{"line":65,"column":48}},"18":{"start":{"line":66,"column":4},"end":{"line":66,"column":27}},"19":{"start":{"line":67,"column":4},"end":{"line":67,"column":38}},"20":{"start":{"line":68,"column":4},"end":{"line":68,"column":16}},"21":{"start":{"line":71,"column":2},"end":{"line":74,"column":5}},"22":{"start":{"line":85,"column":19},"end":{"line":85,"column":52}},"23":{"start":{"line":86,"column":2},"end":{"line":90,"column":3}},"24":{"start":{"line":87,"column":18},"end":{"line":87,"column":49}},"25":{"start":{"line":88,"column":4},"end":{"line":88,"column":27}},"26":{"start":{"line":89,"column":4},"end":{"line":89,"column":16}},"27":{"start":{"line":92,"column":21},"end":{"line":92,"column":55}},"28":{"start":{"line":93,"column":2},"end":{"line":98,"column":3}},"29":{"start":{"line":94,"column":18},"end":{"line":94,"column":48}},"30":{"start":{"line":95,"column":4},"end":{"line":95,"column":27}},"31":{"start":{"line":96,"column":4},"end":{"line":96,"column":38}},"32":{"start":{"line":97,"column":4},"end":{"line":97,"column":16}},"33":{"start":{"line":100,"column":18},"end":{"line":103,"column":4}},"34":{"start":{"line":105,"column":2},"end":{"line":109,"column":3}},"35":{"start":{"line":106,"column":18},"end":{"line":106,"column":56}},"36":{"start":{"line":107,"column":4},"end":{"line":107,"column":27}},"37":{"start":{"line":108,"column":4},"end":{"line":108,"column":16}},"38":{"start":{"line":111,"column":2},"end":{"line":111,"column":17}},"39":{"start":{"line":121,"column":19},"end":{"line":121,"column":52}},"40":{"start":{"line":122,"column":2},"end":{"line":126,"column":3}},"41":{"start":{"line":123,"column":18},"end":{"line":123,"column":49}},"42":{"start":{"line":124,"column":4},"end":{"line":124,"column":27}},"43":{"start":{"line":125,"column":4},"end":{"line":125,"column":16}},"44":{"start":{"line":128,"column":2},"end":{"line":128,"column":42}},"45":{"start":{"line":131,"column":0},"end":{"line":138,"column":2}}},"fnMap":{"0":{"name":"validateCategoryData","decl":{"start":{"line":12,"column":9},"end":{"line":12,"column":29}},"loc":{"start":{"line":12,"column":36},"end":{"line":36,"column":1}},"line":12},"1":{"name":"getAllCategories","decl":{"start":{"line":42,"column":15},"end":{"line":42,"column":31}},"loc":{"start":{"line":42,"column":34},"end":{"line":44,"column":1}},"line":42},"2":{"name":"getCategory","decl":{"start":{"line":51,"column":15},"end":{"line":51,"column":26}},"loc":{"start":{"line":51,"column":31},"end":{"line":53,"column":1}},"line":51},"3":{"name":"createCategory","decl":{"start":{"line":61,"column":15},"end":{"line":61,"column":29}},"loc":{"start":{"line":61,"column":44},"end":{"line":75,"column":1}},"line":61},"4":{"name":"updateCategory","decl":{"start":{"line":84,"column":15},"end":{"line":84,"column":29}},"loc":{"start":{"line":84,"column":48},"end":{"line":112,"column":1}},"line":84},"5":{"name":"deleteCategory","decl":{"start":{"line":120,"column":15},"end":{"line":120,"column":29}},"loc":{"start":{"line":120,"column":34},"end":{"line":129,"column":1}},"line":120}},"branchMap":{"0":{"loc":{"start":{"line":16,"column":2},"end":{"line":22,"column":3}},"type":"if","locations":[{"start":{"line":16,"column":2},"end":{"line":22,"column":3}},{"start":{"line":18,"column":9},"end":{"line":22,"column":3}}],"line":16},"1":{"loc":{"start":{"line":16,"column":6},"end":{"line":16,"column":49}},"type":"binary-expr","locations":[{"start":{"line":16,"column":6},"end":{"line":16,"column":16}},{"start":{"line":16,"column":20},"end":{"line":16,"column":49}}],"line":16},"2":{"loc":{"start":{"line":18,"column":9},"end":{"line":22,"column":3}},"type":"if","locations":[{"start":{"line":18,"column":9},"end":{"line":22,"column":3}},{"start":{"line":20,"column":9},"end":{"line":22,"column":3}}],"line":18},"3":{"loc":{"start":{"line":20,"column":9},"end":{"line":22,"column":3}},"type":"if","locations":[{"start":{"line":20,"column":9},"end":{"line":22,"column":3}},{"start":{},"end":{}}],"line":20},"4":{"loc":{"start":{"line":25,"column":2},"end":{"line":30,"column":3}},"type":"if","locations":[{"start":{"line":25,"column":2},"end":{"line":30,"column":3}},{"start":{},"end":{}}],"line":25},"5":{"loc":{"start":{"line":27,"column":4},"end":{"line":29,"column":5}},"type":"if","locations":[{"start":{"line":27,"column":4},"end":{"line":29,"column":5}},{"start":{},"end":{}}],"line":27},"6":{"loc":{"start":{"line":64,"column":2},"end":{"line":69,"column":3}},"type":"if","locations":[{"start":{"line":64,"column":2},"end":{"line":69,"column":3}},{"start":{},"end":{}}],"line":64},"7":{"loc":{"start":{"line":73,"column":11},"end":{"line":73,"column":42}},"type":"binary-expr","locations":[{"start":{"line":73,"column":11},"end":{"line":73,"column":29}},{"start":{"line":73,"column":33},"end":{"line":73,"column":42}}],"line":73},"8":{"loc":{"start":{"line":86,"column":2},"end":{"line":90,"column":3}},"type":"if","locations":[{"start":{"line":86,"column":2},"end":{"line":90,"column":3}},{"start":{},"end":{}}],"line":86},"9":{"loc":{"start":{"line":93,"column":2},"end":{"line":98,"column":3}},"type":"if","locations":[{"start":{"line":93,"column":2},"end":{"line":98,"column":3}},{"start":{},"end":{}}],"line":93},"10":{"loc":{"start":{"line":105,"column":2},"end":{"line":109,"column":3}},"type":"if","locations":[{"start":{"line":105,"column":2},"end":{"line":109,"column":3}},{"start":{},"end":{}}],"line":105},"11":{"loc":{"start":{"line":122,"column":2},"end":{"line":126,"column":3}},"type":"if","locations":[{"start":{"line":122,"column":2},"end":{"line":126,"column":3}},{"start":{},"end":{}}],"line":122}},"s":{"0":0,"1":0,"2":0,"3":0,"4":0,"5":0,"6":0,"7":0,"8":0,"9":0,"10":0,"11":0,"12":0,"13":0,"14":0,"15":0,"16":0,"17":0,"18":0,"19":0,"20":0,"21":0,"22":0,"23":0,"24":0,"25":0,"26":0,"27":0,"28":0,"29":0,"30":0,"31":0,"32":0,"33":0,"34":0,"35":0,"36":0,"37":0,"38":0,"39":0,"40":0,"41":0,"42":0,"43":0,"44":0,"45":0},"f":{"0":0,"1":0,"2":0,"3":0,"4":0,"5":0},"b":{"0":[0,0],"1":[0,0],"2":[0,0],"3":[0,0],"4":[0,0],"5":[0,0],"6":[0,0],"7":[0,0],"8":[0,0],"9":[0,0],"10":[0,0],"11":[0,0]}}
,"/workspace/expense-manager/server/controllers/expenseController.js": {"path":"/workspace/expense-manager/server/controllers/expenseController.js","statementMap":{"0":{"start":{"line":5,"column":21},"end":{"line":5,"column":54}},"1":{"start":{"line":13,"column":17},"end":{"line":13,"column":19}},"2":{"start":{"line":16,"column":2},"end":{"line":20,"column":3}},"3":{"start":{"line":17,"column":4},"end":{"line":17,"column":38}},"4":{"start":{"line":18,"column":9},"end":{"line":20,"column":3}},"5":{"start":{"line":19,"column":4},"end":{"line":19,"column":52}},"6":{"start":{"line":23,"column":2},"end":{"line":27,"column":3}},"7":{"start":{"line":24,"column":4},"end":{"line":24,"column":40}},"8":{"start":{"line":25,"column":9},"end":{"line":27,"column":3}},"9":{"start":{"line":26,"column":4},"end":{"line":26,"column":48}},"10":{"start":{"line":30,"column":2},"end":{"line":37,"column":3}},"11":{"start":{"line":31,"column":4},"end":{"line":31,"column":36}},"12":{"start":{"line":33,"column":20},"end":{"line":33,"column":39}},"13":{"start":{"line":34,"column":4},"end":{"line":36,"column":5}},"14":{"start":{"line":35,"column":6},"end":{"line":35,"column":41}},"15":{"start":{"line":40,"column":2},"end":{"line":42,"column":3}},"16":{"start":{"line":41,"column":4},"end":{"line":41,"column":62}},"17":{"start":{"line":44,"column":2},"end":{"line":47,"column":4}},"18":{"start":{"line":56,"column":15},"end":{"line":56,"column":40}},"19":{"start":{"line":57,"column":16},"end":{"line":57,"column":43}},"20":{"start":{"line":58,"column":19},"end":{"line":58,"column":72}},"21":{"start":{"line":59,"column":20},"end":{"line":59,"column":35}},"22":{"start":{"line":60,"column":18},"end":{"line":60,"column":31}},"23":{"start":{"line":62,"column":2},"end":{"line":62,"column":84}},"24":{"start":{"line":71,"column":2},"end":{"line":71,"column":41}},"25":{"start":{"line":81,"column":21},"end":{"line":81,"column":53}},"26":{"start":{"line":83,"column":2},"end":{"line":88,"column":3}},"27":{"start":{"line":84,"column":18},"end":{"line":84,"column":48}},"28":{"start":{"line":85,"column":4},"end":{"line":85,"column":27}},"29":{"start":{"line":86,"column":4},"end":{"line":86,"column":38}},"30":{"start":{"line":87,"column":4},"end":{"line":87,"column":16}},"31":{"start":{"line":90,"column":2},"end":{"line":90,"column":49}},"32":{"start":{"line":101,"column":19},"end":{"line":101,"column":50}},"33":{"start":{"line":102,"column":2},"end":{"line":106,"column":3}},"34":{"start":{"line":103,"column":18},"end":{"line":103,"column":48}},"35":{"start":{"line":104,"column":4},"end":{"line":104,"column":27}},"36":{"start":{"line":105,"column":4},"end":{"line":105,"column":16}},"37":{"start":{"line":108,"column":21},"end":{"line":108,"column":53}},"38":{"start":{"line":109,"column":2},"end":{"line":114,"column":3}},"39":{"start":{"line":110,"column":18},"end":{"line":110,"column":48}},"40":{"start":{"line":111,"column":4},"end":{"line":111,"column":27}},"41":{"start":{"line":112,"column":4},"end":{"line":112,"column":38}},"42":{"start":{"line":113,"column":4},"end":{"line":113,"column":16}},"43":{"start":{"line":116,"column":18},"end":{"line":116,"column":61}},"44":{"start":{"line":117,"column":2},"end":{"line":121,"column":3}},"45":{"start":{"line":118,"column":18},"end":{"line":118,"column":55}},"46":{"start":{"line":119,"column":4},"end":{"line":119,"column":27}},"47":{"start":{"line":120,"column":4},"end":{"line":120,"column":16}},"48":{"start":{"line":123,"column":2},"end":{"line":123,"column":17}},"49":{"start":{"line":133,"column":19},"end":{"line":133,"column":50}},"50":{"start":{"line":134,"column":2},"end":{"line":138,"column":3}},"51":{"start":{"line":135,"column":18},"end":{"line":135,"column":48}},"52":{"start":{"line":136,"column":4},"end":{"line":136,"column":27}},"53":{"start":{"line":137,"column":4},"end":{"line":137,"column":16}},"54":{"start":{"line":140,"column":2},"end":{"line":140,"column":40}},"55":{"start":{"line":149,"column":13},"end":{"line":149,"column":50}},"56":{"start":{"line":151,"column":14},"end":{"line":151,"column":24}},"57":{"start":{"line":152,"column":23},"end":{"line":152,"column":41}},"58":{"start":{"line":153,"column":22},"end":{"line":153,"column":39}},"59":{"start":{"line":156,"column":18},"end":{"line":156,"column":34}},"60":{"start":{"line":157,"column":17},"end":{"line":157,"column":28}},"61":{"start":{"line":158,"column":2},"end":{"line":161,"column":3}},"62":{"start":{"line":159,"column":4},"end":{"line":159,"column":19}},"63":{"start":{"line":160,"column":4},"end":{"line":160,"column":15}},"64":{"start":{"line":163,"column":28},"end":{"line":163,"column":88}},"65":{"start":{"line":164,"column":26},"end":{"line":164,"column":86}},"66":{"start":{"line":165,"column":25},"end":{"line":165,"column":79}},"67":{"start":{"line":166,"column":23},"end":{"line":166,"column":77}},"68":{"start":{"line":169,"column":28},"end":{"line":173,"column":44}},"69":{"start":{"line":176,"column":25},"end":{"line":180,"column":38}},"70":{"start":{"line":183,"column":31},"end":{"line":194,"column":44}},"71":{"start":{"line":197,"column":22},"end":{"line":210,"column":65}},"72":{"start":{"line":213,"column":20},"end":{"line":213,"column":40}},"73":{"start":{"line":214,"column":20},"end":{"line":214,"column":43}},"74":{"start":{"line":215,"column":27},"end":{"line":217,"column":7}},"75":{"start":{"line":219,"column":2},"end":{"line":240,"column":4}},"76":{"start":{"line":243,"column":0},"end":{"line":251,"column":2}}},"fnMap":{"0":{"name":"validateExpenseData","decl":{"start":{"line":12,"column":9},"end":{"line":12,"column":28}},"loc":{"start":{"line":12,"column":35},"end":{"line":48,"column":1}},"line":12},"1":{"name":"getAllExpenses","decl":{"start":{"line":55,"column":15},"end":{"line":55,"column":29}},"loc":{"start":{"line":55,"column":37},"end":{"line":63,"column":1}},"line":55},"2":{"name":"getExpense","decl":{"start":{"line":70,"column":15},"end":{"line":70,"column":25}},"loc":{"start":{"line":70,"column":30},"end":{"line":72,"column":1}},"line":70},"3":{"name":"createExpense","decl":{"start":{"line":80,"column":15},"end":{"line":80,"column":28}},"loc":{"start":{"line":80,"column":42},"end":{"line":91,"column":1}},"line":80},"4":{"name":"updateExpense","decl":{"start":{"line":100,"column":15},"end":{"line":100,"column":28}},"loc":{"start":{"line":100,"column":46},"end":{"line":124,"column":1}},"line":100},"5":{"name":"deleteExpense","decl":{"start":{"line":132,"column":15},"end":{"line":132,"column":28}},"loc":{"start":{"line":132,"column":33},"end":{"line":141,"column":1}},"line":132},"6":{"name":"getSummary","decl":{"start":{"line":148,"column":15},"end":{"line":148,"column":25}},"loc":{"start":{"line":148,"column":38},"end":{"line":241,"column":1}},"line":148}},"branchMap":{"0":{"loc":{"start":{"line":16,"column":2},"end":{"line":20,"column":3}},"type":"if","locations":[{"start":{"line":16,"column":2},"end":{"line":20,"column":3}},{"start":{"line":18,"column":9},"end":{"line":20,"column":3}}],"line":16},"1":{"loc":{"start":{"line":16,"column":6},"end":{"line":16,"column":55}},"type":"binary-expr","locations":[{"start":{"line":16,"column":6},"end":{"line":16,"column":31}},{"start":{"line":16,"column":35},"end":{"line":16,"column":55}}],"line":16},"2":{"loc":{"start":{"line":18,"column":9},"end":{"line":20,"column":3}},"type":"if","locations":[{"start":{"line":18,"column":9},"end":{"line":20,"column":3}},{"start":{},"end":{}}],"line":18},"3":{"loc":{"start":{"line":18,"column":13},"end":{"line":18,"column":64}},"type":"binary-expr","locations":[{"start":{"line":18,"column":13},"end":{"line":18,"column":44}},{"start":{"line":18,"column":48},"end":{"line":18,"column":64}}],"line":18},"4":{"loc":{"start":{"line":23,"column":2},"end":{"line":27,"column":3}},"type":"if","locations":[{"start":{"line":23,"column":2},"end":{"line":27,"column":3}},{"start":{"line":25,"column":9},"end":{"line":27,"column":3}}],"line":23},"5":{"loc":{"start":{"line":25,"column":9},"end":{"line":27,"column":3}},"type":"if","locations":[{"start":{"line":25,"column":9},"end":{"line":27,"column":3}},{"start":{},"end":{}}],"line":25},"6":{"loc":{"start":{"line":30,"column":2},"end":{"line":37,"column":3}},"type":"if","locations":[{"start":{"line":30,"column":2},"end":{"line":37,"column":3}},{"start":{"line":32,"column":9},"end":{"line":37,"column":3}}],"line":30},"7":{"loc":{"start":{"line":34,"column":4},"end":{"line":36,"column":5}},"type":"if","locations":[{"start":{"line":34,"column":4},"end":{"line":36,"column":5}},{"start":{},"end":{}}],"line":34},"8":{"loc":{"start":{"line":40,"column":2},"end":{"line":42,"column":3}},"type":"if","locations":[{"start":{"line":40,"column":2},"end":{"line":42,"column":3}},{"start":{},"end":{}}],"line":40},"9":{"loc":{"start":{"line":40,"column":6},"end":{"line":40,"column":55}},"type":"binary-expr","locations":[{"start":{"line":40,"column":6},"end":{"line":40,"column":22}},{"start":{"line":40,"column":26},"end":{"line":40,"column":55}}],"line":40},"10":{"loc":{"start":{"line":56,"column":15},"end":{"line":56,"column":40}},"type":"binary-expr","locations":[{"start":{"line":56,"column":15},"end":{"line":56,"column":35}},{"start":{"line":56,"column":39},"end":{"line":56,"column":40}}],"line":56},"11":{"loc":{"start":{"line":57,"column":16},"end":{"line":57,"column":43}},"type":"binary-expr","locations":[{"start":{"line":57,"column":16},"end":{"line":57,"column":37}},{"start":{"line":57,"column":41},"end":{"line":57,"column":43}}],"line":57},"12":{"loc":{"start":{"line":58,"column":19},"end":{"line":58,"column":72}},"type":"cond-expr","locations":[{"start":{"line":58,"column":36},"end":{"line":58,"column":60}},{"start":{"line":58,"column":63},"end":{"line":58,"column":72}}],"line":58},"13":{"loc":{"start":{"line":83,"column":2},"end":{"line":88,"column":3}},"type":"if","locations":[{"start":{"line":83,"column":2},"end":{"line":88,"column":3}},{"start":{},"end":{}}],"line":83},"14":{"loc":{"start":{"line":102,"column":2},"end":{"line":106,"column":3}},"type":"if","locations":[{"start":{"line":102,"column":2},"end":{"line":106,"column":3}},{"start":{},"end":{}}],"line":102},"15":{"loc":{"start":{"line":109,"column":2},"end":{"line":114,"column":3}},"type":"if","locations":[{"start":{"line":109,"column":2},"end":{"line":114,"column":3}},{"start":{},"end":{}}],"line":109},"16":{"loc":{"start":{"line":117,"column":2},"end":{"line":121,"column":3}},"type":"if","locations":[{"start":{"line":117,"column":2},"end":{"line":121,"column":3}},{"start":{},"end":{}}],"line":117},"17":{"loc":{"start":{"line":134,"column":2},"end":{"line":138,"column":3}},"type":"if","locations":[{"start":{"line":134,"column":2},"end":{"line":138,"column":3}},{"start":{},"end":{}}],"line":134},"18":{"loc":{"start":{"line":148,"column":26},"end":{"line":148,"column":36}},"type":"default-arg","locations":[{"start":{"line":148,"column":34},"end":{"line":148,"column":36}}],"line":148},"19":{"loc":{"start":{"line":158,"column":2},"end":{"line":161,"column":3}},"type":"if","locations":[{"start":{"line":158,"column":2},"end":{"line":161,"column":3}},{"start":{},"end":{}}],"line":158},"20":{"loc":{"start":{"line":207,"column":6},"end":{"line":207,"column":55}},"type":"cond-expr","locations":[{"start":{"line":207,"column":20},"end":{"line":207,"column":50}},{"start":{"line":207,"column":53},"end":{"line":207,"column":55}}],"line":207},"21":{"loc":{"start":{"line":210,"column":9},"end":{"line":210,"column":64}},"type":"cond-expr","locations":[{"start":{"line":210,"column":23},"end":{"line":210,"column":59}},{"start":{"line":210,"column":62},"end":{"line":210,"column":64}}],"line":210},"22":{"loc":{"start":{"line":215,"column":27},"end":{"line":217,"column":7}},"type":"cond-expr","locations":[{"start":{"line":216,"column":6},"end":{"line":216,"column":49}},{"start":{"line":217,"column":6},"end":{"line":217,"column":7}}],"line":215}},"s":{"0":1,"1":4,"2":4,"3":0,"4":4,"5":1,"6":4,"7":1,"8":3,"9":0,"10":4,"11":0,"12":4,"13":4,"14":0,"15":4,"16":0,"17":4,"18":2,"19":2,"20":2,"21":2,"22":2,"23":2,"24":2,"25":3,"26":3,"27":2,"28":2,"29":2,"30":2,"31":1,"32":2,"33":2,"34":1,"35":1,"36":1,"37":1,"38":1,"39":0,"40":0,"41":0,"42":0,"43":1,"44":1,"45":0,"46":0,"47":0,"48":1,"49":1,"50":1,"51":1,"52":1,"53":1,"54":0,"55":0,"56":0,"57":0,"58":0,"59":0,"60":0,"61":0,"62":0,"63":0,"64":0,"65":0,"66":0,"67":0,"68":0,"69":0,"70":0,"71":0,"72":0,"73":0,"74":0,"75":0,"76":1},"f":{"0":4,"1":2,"2":2,"3":3,"4":2,"5":1,"6":0},"b":{"0":[0,4],"1":[4,4],"2":[1,3],"3":[4,4],"4":[1,3],"5":[0,3],"6":[0,4],"7":[0,4],"8":[0,4],"9":[4,2],"10":[2,2],"11":[2,2],"12":[0,2],"13":[2,1],"14":[1,1],"15":[0,1],"16":[0,1],"17":[1,0],"18":[0],"19":[0,0],"20":[0,0],"21":[0,0],"22":[0,0]},"_coverageSchema":"1a1c01bbd47fc00a2c39e90264f33305004495a9","hash":"3cafe8047a8bd4bb1cd3aaeee8aadd8c7646f4f0"}
,"/workspace/expense-manager/server/models/categoryModel.js": {"path":"/workspace/expense-manager/server/models/categoryModel.js","statementMap":{"0":{"start":{"line":5,"column":32},"end":{"line":5,"column":53}},"1":{"start":{"line":12,"column":13},"end":{"line":12,"column":20}},"2":{"start":{"line":13,"column":15},"end":{"line":13,"column":67}},"3":{"start":{"line":14,"column":21},"end":{"line":14,"column":23}},"4":{"start":{"line":15,"column":2},"end":{"line":17,"column":3}},"5":{"start":{"line":16,"column":4},"end":{"line":16,"column":40}},"6":{"start":{"line":18,"column":2},"end":{"line":18,"column":20}},"7":{"start":{"line":27,"column":13},"end":{"line":27,"column":20}},"8":{"start":{"line":28,"column":15},"end":{"line":28,"column":66}},"9":{"start":{"line":29,"column":2},"end":{"line":29,"column":18}},"10":{"start":{"line":30,"column":2},"end":{"line":32,"column":3}},"11":{"start":{"line":31,"column":4},"end":{"line":31,"column":30}},"12":{"start":{"line":33,"column":2},"end":{"line":33,"column":14}},"13":{"start":{"line":44,"column":13},"end":{"line":44,"column":20}},"14":{"start":{"line":45,"column":38},"end":{"line":45,"column":50}},"15":{"start":{"line":47,"column":2},"end":{"line":58,"column":3}},"16":{"start":{"line":48,"column":4},"end":{"line":48,"column":80}},"17":{"start":{"line":49,"column":4},"end":{"line":49,"column":19}},"18":{"start":{"line":50,"column":25},"end":{"line":50,"column":68}},"19":{"start":{"line":51,"column":19},"end":{"line":51,"column":47}},"20":{"start":{"line":52,"column":4},"end":{"line":52,"column":35}},"21":{"start":{"line":54,"column":4},"end":{"line":56,"column":5}},"22":{"start":{"line":55,"column":6},"end":{"line":55,"column":54}},"23":{"start":{"line":57,"column":4},"end":{"line":57,"column":16}},"24":{"start":{"line":68,"column":13},"end":{"line":68,"column":20}},"25":{"start":{"line":69,"column":26},"end":{"line":69,"column":38}},"26":{"start":{"line":71,"column":2},"end":{"line":90,"column":3}},"27":{"start":{"line":72,"column":4},"end":{"line":76,"column":26}},"28":{"start":{"line":77,"column":4},"end":{"line":77,"column":19}},"29":{"start":{"line":79,"column":20},"end":{"line":79,"column":48}},"30":{"start":{"line":80,"column":4},"end":{"line":82,"column":5}},"31":{"start":{"line":81,"column":6},"end":{"line":81,"column":18}},"32":{"start":{"line":84,"column":4},"end":{"line":84,"column":31}},"33":{"start":{"line":86,"column":4},"end":{"line":88,"column":5}},"34":{"start":{"line":87,"column":6},"end":{"line":87,"column":54}},"35":{"start":{"line":89,"column":4},"end":{"line":89,"column":16}},"36":{"start":{"line":99,"column":13},"end":{"line":99,"column":20}},"37":{"start":{"line":100,"column":2},"end":{"line":100,"column":54}},"38":{"start":{"line":101,"column":2},"end":{"line":101,"column":17}},"39":{"start":{"line":102,"column":18},"end":{"line":102,"column":46}},"40":{"start":{"line":103,"column":2},"end":{"line":103,"column":21}},"41":{"start":{"line":112,"column":13},"end":{"line":112,"column":20}},"42":{"start":{"line":113,"column":15},"end":{"line":122,"column":4}},"43":{"start":{"line":123,"column":2},"end":{"line":123,"column":18}},"44":{"start":{"line":124,"column":2},"end":{"line":126,"column":3}},"45":{"start":{"line":125,"column":4},"end":{"line":125,"column":30}},"46":{"start":{"line":127,"column":2},"end":{"line":127,"column":14}},"47":{"start":{"line":130,"column":0},"end":{"line":137,"column":2}}},"fnMap":{"0":{"name":"getAllCategories","decl":{"start":{"line":11,"column":9},"end":{"line":11,"column":25}},"loc":{"start":{"line":11,"column":28},"end":{"line":19,"column":1}},"line":11},"1":{"name":"getCategoryById","decl":{"start":{"line":26,"column":9},"end":{"line":26,"column":24}},"loc":{"start":{"line":26,"column":29},"end":{"line":34,"column":1}},"line":26},"2":{"name":"createCategory","decl":{"start":{"line":43,"column":9},"end":{"line":43,"column":23}},"loc":{"start":{"line":43,"column":38},"end":{"line":59,"column":1}},"line":43},"3":{"name":"updateCategory","decl":{"start":{"line":67,"column":9},"end":{"line":67,"column":23}},"loc":{"start":{"line":67,"column":42},"end":{"line":91,"column":1}},"line":67},"4":{"name":"deleteCategory","decl":{"start":{"line":98,"column":9},"end":{"line":98,"column":23}},"loc":{"start":{"line":98,"column":28},"end":{"line":104,"column":1}},"line":98},"5":{"name":"getCategoryWithCount","decl":{"start":{"line":111,"column":9},"end":{"line":111,"column":29}},"loc":{"start":{"line":111,"column":34},"end":{"line":128,"column":1}},"line":111}},"branchMap":{"0":{"loc":{"start":{"line":30,"column":2},"end":{"line":32,"column":3}},"type":"if","locations":[{"start":{"line":30,"column":2},"end":{"line":32,"column":3}},{"start":{},"end":{}}],"line":30},"1":{"loc":{"start":{"line":45,"column":16},"end":{"line":45,"column":33}},"type":"default-arg","locations":[{"start":{"line":45,"column":24},"end":{"line":45,"column":33}}],"line":45},"2":{"loc":{"start":{"line":54,"column":4},"end":{"line":56,"column":5}},"type":"if","locations":[{"start":{"line":54,"column":4},"end":{"line":56,"column":5}},{"start":{},"end":{}}],"line":54},"3":{"loc":{"start":{"line":80,"column":4},"end":{"line":82,"column":5}},"type":"if","locations":[{"start":{"line":80,"column":4},"end":{"line":82,"column":5}},{"start":{},"end":{}}],"line":80},"4":{"loc":{"start":{"line":86,"column":4},"end":{"line":88,"column":5}},"type":"if","locations":[{"start":{"line":86,"column":4},"end":{"line":88,"column":5}},{"start":{},"end":{}}],"line":86},"5":{"loc":{"start":{"line":124,"column":2},"end":{"line":126,"column":3}},"type":"if","locations":[{"start":{"line":124,"column":2},"end":{"line":126,"column":3}},{"start":{},"end":{}}],"line":124}},"s":{"0":2,"1":0,"2":0,"3":0,"4":0,"5":0,"6":0,"7":3,"8":3,"9":3,"10":3,"11":3,"12":0,"13":3,"14":3,"15":3,"16":3,"17":3,"18":3,"19":3,"20":3,"21":0,"22":0,"23":0,"24":0,"25":0,"26":0,"27":0,"28":0,"29":0,"30":0,"31":0,"32":0,"33":0,"34":0,"35":0,"36":0,"37":0,"38":0,"39":0,"40":0,"41":0,"42":0,"43":0,"44":0,"45":0,"46":0,"47":2},"f":{"0":0,"1":3,"2":3,"3":0,"4":0,"5":0},"b":{"0":[3,0],"1":[0],"2":[0,0],"3":[0,0],"4":[0,0],"5":[0,0]},"_coverageSchema":"1a1c01bbd47fc00a2c39e90264f33305004495a9","hash":"7415b12de726d06458d186ce35e1c66b62b72038"}
,"/workspace/expense-manager/server/models/database.js": {"path":"/workspace/expense-manager/server/models/database.js","statementMap":{"0":{"start":{"line":5,"column":18},"end":{"line":5,"column":35}},"1":{"start":{"line":6,"column":11},"end":{"line":6,"column":24}},"2":{"start":{"line":7,"column":13},"end":{"line":7,"column":28}},"3":{"start":{"line":9,"column":9},"end":{"line":9,"column":13}},"4":{"start":{"line":10,"column":10},"end":{"line":10,"column":14}},"5":{"start":{"line":17,"column":17},"end":{"line":17,"column":92}},"6":{"start":{"line":20,"column":18},"end":{"line":20,"column":38}},"7":{"start":{"line":21,"column":2},"end":{"line":23,"column":3}},"8":{"start":{"line":22,"column":4},"end":{"line":22,"column":47}},"9":{"start":{"line":26,"column":2},"end":{"line":26,"column":26}},"10":{"start":{"line":29,"column":2},"end":{"line":41,"column":3}},"11":{"start":{"line":30,"column":4},"end":{"line":37,"column":5}},"12":{"start":{"line":31,"column":25},"end":{"line":31,"column":48}},"13":{"start":{"line":32,"column":6},"end":{"line":32,"column":40}},"14":{"start":{"line":33,"column":6},"end":{"line":33,"column":47}},"15":{"start":{"line":35,"column":6},"end":{"line":35,"column":30}},"16":{"start":{"line":36,"column":6},"end":{"line":36,"column":42}},"17":{"start":{"line":39,"column":4},"end":{"line":39,"column":76}},"18":{"start":{"line":40,"column":4},"end":{"line":40,"column":28}},"19":{"start":{"line":44,"column":2},"end":{"line":51,"column":5}},"20":{"start":{"line":54,"column":2},"end":{"line":65,"column":5}},"21":{"start":{"line":68,"column":2},"end":{"line":68,"column":75}},"22":{"start":{"line":69,"column":2},"end":{"line":69,"column":86}},"23":{"start":{"line":72,"column":29},"end":{"line":72,"column":80}},"24":{"start":{"line":73,"column":16},"end":{"line":73,"column":86}},"25":{"start":{"line":75,"column":2},"end":{"line":92,"column":3}},"26":{"start":{"line":76,"column":30},"end":{"line":85,"column":5}},"27":{"start":{"line":87,"column":4},"end":{"line":89,"column":7}},"28":{"start":{"line":88,"column":6},"end":{"line":88,"column":90}},"29":{"start":{"line":90,"column":4},"end":{"line":90,"column":19}},"30":{"start":{"line":91,"column":4},"end":{"line":91,"column":47}},"31":{"start":{"line":94,"column":2},"end":{"line":94,"column":51}},"32":{"start":{"line":95,"column":2},"end":{"line":95,"column":12}},"33":{"start":{"line":102,"column":2},"end":{"line":111,"column":3}},"34":{"start":{"line":103,"column":19},"end":{"line":103,"column":94}},"35":{"start":{"line":105,"column":4},"end":{"line":107,"column":5}},"36":{"start":{"line":106,"column":6},"end":{"line":106,"column":13}},"37":{"start":{"line":108,"column":17},"end":{"line":108,"column":28}},"38":{"start":{"line":109,"column":19},"end":{"line":109,"column":36}},"39":{"start":{"line":110,"column":4},"end":{"line":110,"column":37}},"40":{"start":{"line":119,"column":2},"end":{"line":121,"column":3}},"41":{"start":{"line":120,"column":4},"end":{"line":120,"column":76}},"42":{"start":{"line":122,"column":2},"end":{"line":122,"column":12}},"43":{"start":{"line":129,"column":2},"end":{"line":134,"column":3}},"44":{"start":{"line":130,"column":4},"end":{"line":130,"column":19}},"45":{"start":{"line":131,"column":4},"end":{"line":131,"column":15}},"46":{"start":{"line":132,"column":4},"end":{"line":132,"column":14}},"47":{"start":{"line":133,"column":4},"end":{"line":133,"column":15}},"48":{"start":{"line":137,"column":0},"end":{"line":142,"column":2}}},"fnMap":{"0":{"name":"initDatabase","decl":{"start":{"line":16,"column":15},"end":{"line":16,"column":27}},"loc":{"start":{"line":16,"column":30},"end":{"line":96,"column":1}},"line":16},"1":{"name":"(anonymous_1)","decl":{"start":{"line":87,"column":30},"end":{"line":87,"column":31}},"loc":{"start":{"line":87,"column":37},"end":{"line":89,"column":5}},"line":87},"2":{"name":"saveDatabase","decl":{"start":{"line":101,"column":9},"end":{"line":101,"column":21}},"loc":{"start":{"line":101,"column":24},"end":{"line":112,"column":1}},"line":101},"3":{"name":"getDb","decl":{"start":{"line":118,"column":9},"end":{"line":118,"column":14}},"loc":{"start":{"line":118,"column":17},"end":{"line":123,"column":1}},"line":118},"4":{"name":"closeDatabase","decl":{"start":{"line":128,"column":9},"end":{"line":128,"column":22}},"loc":{"start":{"line":128,"column":25},"end":{"line":135,"column":1}},"line":128}},"branchMap":{"0":{"loc":{"start":{"line":17,"column":17},"end":{"line":17,"column":92}},"type":"binary-expr","locations":[{"start":{"line":17,"column":17},"end":{"line":17,"column":42}},{"start":{"line":17,"column":46},"end":{"line":17,"column":92}}],"line":17},"1":{"loc":{"start":{"line":21,"column":2},"end":{"line":23,"column":3}},"type":"if","locations":[{"start":{"line":21,"column":2},"end":{"line":23,"column":3}},{"start":{},"end":{}}],"line":21},"2":{"loc":{"start":{"line":30,"column":4},"end":{"line":37,"column":5}},"type":"if","locations":[{"start":{"line":30,"column":4},"end":{"line":37,"column":5}},{"start":{"line":34,"column":11},"end":{"line":37,"column":5}}],"line":30},"3":{"loc":{"start":{"line":73,"column":16},"end":{"line":73,"column":86}},"type":"cond-expr","locations":[{"start":{"line":73,"column":48},"end":{"line":73,"column":82}},{"start":{"line":73,"column":85},"end":{"line":73,"column":86}}],"line":73},"4":{"loc":{"start":{"line":75,"column":2},"end":{"line":92,"column":3}},"type":"if","locations":[{"start":{"line":75,"column":2},"end":{"line":92,"column":3}},{"start":{},"end":{}}],"line":75},"5":{"loc":{"start":{"line":102,"column":2},"end":{"line":111,"column":3}},"type":"if","locations":[{"start":{"line":102,"column":2},"end":{"line":111,"column":3}},{"start":{},"end":{}}],"line":102},"6":{"loc":{"start":{"line":102,"column":6},"end":{"line":102,"column":15}},"type":"binary-expr","locations":[{"start":{"line":102,"column":6},"end":{"line":102,"column":8}},{"start":{"line":102,"column":12},"end":{"line":102,"column":15}}],"line":102},"7":{"loc":{"start":{"line":103,"column":19},"end":{"line":103,"column":94}},"type":"binary-expr","locations":[{"start":{"line":103,"column":19},"end":{"line":103,"column":44}},{"start":{"line":103,"column":48},"end":{"line":103,"column":94}}],"line":103},"8":{"loc":{"start":{"line":105,"column":4},"end":{"line":107,"column":5}},"type":"if","locations":[{"start":{"line":105,"column":4},"end":{"line":107,"column":5}},{"start":{},"end":{}}],"line":105},"9":{"loc":{"start":{"line":119,"column":2},"end":{"line":121,"column":3}},"type":"if","locations":[{"start":{"line":119,"column":2},"end":{"line":121,"column":3}},{"start":{},"end":{}}],"line":119},"10":{"loc":{"start":{"line":129,"column":2},"end":{"line":134,"column":3}},"type":"if","locations":[{"start":{"line":129,"column":2},"end":{"line":134,"column":3}},{"start":{},"end":{}}],"line":129}},"s":{"0":2,"1":2,"2":2,"3":2,"4":2,"5":2,"6":2,"7":2,"8":0,"9":2,"10":2,"11":2,"12":2,"13":2,"14":2,"15":0,"16":0,"17":0,"18":0,"19":2,"20":2,"21":2,"22":2,"23":2,"24":2,"25":2,"26":0,"27":0,"28":0,"29":0,"30":0,"31":2,"32":2,"33":31,"34":31,"35":31,"36":31,"37":0,"38":0,"39":0,"40":84,"41":0,"42":84,"43":2,"44":2,"45":2,"46":2,"47":2,"48":2},"f":{"0":2,"1":0,"2":31,"3":84,"4":2},"b":{"0":[2,0],"1":[0,2],"2":[2,0],"3":[2,0],"4":[0,2],"5":[31,0],"6":[31,31],"7":[31,0],"8":[31,0],"9":[0,84],"10":[2,0]},"_coverageSchema":"1a1c01bbd47fc00a2c39e90264f33305004495a9","hash":"ab99b483515a9b66db7ac7203f25320f4eaa07bc"}
,"/workspace/expense-manager/server/models/expenseModel.js": {"path":"/workspace/expense-manager/server/models/expenseModel.js","statementMap":{"0":{"start":{"line":5,"column":32},"end":{"line":5,"column":53}},"1":{"start":{"line":18,"column":13},"end":{"line":18,"column":20}},"2":{"start":{"line":19,"column":65},"end":{"line":19,"column":72}},"3":{"start":{"line":20,"column":17},"end":{"line":20,"column":35}},"4":{"start":{"line":22,"column":20},"end":{"line":22,"column":31}},"5":{"start":{"line":23,"column":17},"end":{"line":23,"column":19}},"6":{"start":{"line":25,"column":2},"end":{"line":28,"column":3}},"7":{"start":{"line":26,"column":4},"end":{"line":26,"column":44}},"8":{"start":{"line":27,"column":4},"end":{"line":27,"column":26}},"9":{"start":{"line":30,"column":2},"end":{"line":33,"column":3}},"10":{"start":{"line":31,"column":4},"end":{"line":31,"column":38}},"11":{"start":{"line":32,"column":4},"end":{"line":32,"column":27}},"12":{"start":{"line":35,"column":2},"end":{"line":38,"column":3}},"13":{"start":{"line":36,"column":4},"end":{"line":36,"column":38}},"14":{"start":{"line":37,"column":4},"end":{"line":37,"column":25}},"15":{"start":{"line":41,"column":21},"end":{"line":41,"column":78}},"16":{"start":{"line":42,"column":22},"end":{"line":42,"column":49}},"17":{"start":{"line":43,"column":16},"end":{"line":43,"column":72}},"18":{"start":{"line":46,"column":16},"end":{"line":62,"column":3}},"19":{"start":{"line":64,"column":22},"end":{"line":64,"column":48}},"20":{"start":{"line":65,"column":15},"end":{"line":65,"column":32}},"21":{"start":{"line":66,"column":2},"end":{"line":66,"column":25}},"22":{"start":{"line":67,"column":19},"end":{"line":67,"column":21}},"23":{"start":{"line":68,"column":2},"end":{"line":70,"column":3}},"24":{"start":{"line":69,"column":4},"end":{"line":69,"column":38}},"25":{"start":{"line":72,"column":2},"end":{"line":80,"column":4}},"26":{"start":{"line":89,"column":13},"end":{"line":89,"column":20}},"27":{"start":{"line":90,"column":15},"end":{"line":98,"column":4}},"28":{"start":{"line":99,"column":2},"end":{"line":99,"column":18}},"29":{"start":{"line":101,"column":2},"end":{"line":104,"column":3}},"30":{"start":{"line":102,"column":20},"end":{"line":102,"column":38}},"31":{"start":{"line":103,"column":4},"end":{"line":103,"column":19}},"32":{"start":{"line":105,"column":2},"end":{"line":105,"column":14}},"33":{"start":{"line":118,"column":13},"end":{"line":118,"column":20}},"34":{"start":{"line":119,"column":53},"end":{"line":119,"column":64}},"35":{"start":{"line":121,"column":2},"end":{"line":124,"column":47}},"36":{"start":{"line":126,"column":2},"end":{"line":126,"column":17}},"37":{"start":{"line":128,"column":23},"end":{"line":128,"column":66}},"38":{"start":{"line":129,"column":17},"end":{"line":129,"column":45}},"39":{"start":{"line":130,"column":2},"end":{"line":130,"column":32}},"40":{"start":{"line":140,"column":13},"end":{"line":140,"column":20}},"41":{"start":{"line":141,"column":53},"end":{"line":141,"column":64}},"42":{"start":{"line":143,"column":2},"end":{"line":147,"column":51}},"43":{"start":{"line":149,"column":2},"end":{"line":149,"column":17}},"44":{"start":{"line":151,"column":18},"end":{"line":151,"column":46}},"45":{"start":{"line":152,"column":2},"end":{"line":154,"column":3}},"46":{"start":{"line":153,"column":4},"end":{"line":153,"column":16}},"47":{"start":{"line":156,"column":2},"end":{"line":156,"column":28}},"48":{"start":{"line":165,"column":13},"end":{"line":165,"column":20}},"49":{"start":{"line":166,"column":2},"end":{"line":166,"column":52}},"50":{"start":{"line":167,"column":2},"end":{"line":167,"column":17}},"51":{"start":{"line":168,"column":18},"end":{"line":168,"column":46}},"52":{"start":{"line":169,"column":2},"end":{"line":169,"column":21}},"53":{"start":{"line":179,"column":13},"end":{"line":179,"column":20}},"54":{"start":{"line":180,"column":20},"end":{"line":180,"column":66}},"55":{"start":{"line":181,"column":18},"end":{"line":181,"column":64}},"56":{"start":{"line":183,"column":15},"end":{"line":192,"column":4}},"57":{"start":{"line":193,"column":2},"end":{"line":193,"column":34}},"58":{"start":{"line":195,"column":19},"end":{"line":195,"column":21}},"59":{"start":{"line":196,"column":2},"end":{"line":198,"column":3}},"60":{"start":{"line":197,"column":4},"end":{"line":197,"column":38}},"61":{"start":{"line":199,"column":2},"end":{"line":199,"column":18}},"62":{"start":{"line":202,"column":0},"end":{"line":209,"column":2}}},"fnMap":{"0":{"name":"getAllExpenses","decl":{"start":{"line":17,"column":9},"end":{"line":17,"column":23}},"loc":{"start":{"line":17,"column":38},"end":{"line":81,"column":1}},"line":17},"1":{"name":"getExpenseById","decl":{"start":{"line":88,"column":9},"end":{"line":88,"column":23}},"loc":{"start":{"line":88,"column":28},"end":{"line":106,"column":1}},"line":88},"2":{"name":"createExpense","decl":{"start":{"line":117,"column":9},"end":{"line":117,"column":22}},"loc":{"start":{"line":117,"column":36},"end":{"line":131,"column":1}},"line":117},"3":{"name":"updateExpense","decl":{"start":{"line":139,"column":9},"end":{"line":139,"column":22}},"loc":{"start":{"line":139,"column":40},"end":{"line":157,"column":1}},"line":139},"4":{"name":"deleteExpense","decl":{"start":{"line":164,"column":9},"end":{"line":164,"column":22}},"loc":{"start":{"line":164,"column":27},"end":{"line":170,"column":1}},"line":164},"5":{"name":"getExpensesByMonth","decl":{"start":{"line":178,"column":9},"end":{"line":178,"column":27}},"loc":{"start":{"line":178,"column":41},"end":{"line":200,"column":1}},"line":178}},"branchMap":{"0":{"loc":{"start":{"line":17,"column":24},"end":{"line":17,"column":36}},"type":"default-arg","locations":[{"start":{"line":17,"column":34},"end":{"line":17,"column":36}}],"line":17},"1":{"loc":{"start":{"line":19,"column":10},"end":{"line":19,"column":18}},"type":"default-arg","locations":[{"start":{"line":19,"column":17},"end":{"line":19,"column":18}}],"line":19},"2":{"loc":{"start":{"line":19,"column":20},"end":{"line":19,"column":30}},"type":"default-arg","locations":[{"start":{"line":19,"column":28},"end":{"line":19,"column":30}}],"line":19},"3":{"loc":{"start":{"line":25,"column":2},"end":{"line":28,"column":3}},"type":"if","locations":[{"start":{"line":25,"column":2},"end":{"line":28,"column":3}},{"start":{},"end":{}}],"line":25},"4":{"loc":{"start":{"line":30,"column":2},"end":{"line":33,"column":3}},"type":"if","locations":[{"start":{"line":30,"column":2},"end":{"line":33,"column":3}},{"start":{},"end":{}}],"line":30},"5":{"loc":{"start":{"line":35,"column":2},"end":{"line":38,"column":3}},"type":"if","locations":[{"start":{"line":35,"column":2},"end":{"line":38,"column":3}},{"start":{},"end":{}}],"line":35},"6":{"loc":{"start":{"line":43,"column":16},"end":{"line":43,"column":72}},"type":"cond-expr","locations":[{"start":{"line":43,"column":41},"end":{"line":43,"column":68}},{"start":{"line":43,"column":71},"end":{"line":43,"column":72}}],"line":43},"7":{"loc":{"start":{"line":101,"column":2},"end":{"line":104,"column":3}},"type":"if","locations":[{"start":{"line":101,"column":2},"end":{"line":104,"column":3}},{"start":{},"end":{}}],"line":101},"8":{"loc":{"start":{"line":152,"column":2},"end":{"line":154,"column":3}},"type":"if","locations":[{"start":{"line":152,"column":2},"end":{"line":154,"column":3}},{"start":{},"end":{}}],"line":152}},"s":{"0":2,"1":3,"2":3,"3":3,"4":3,"5":3,"6":3,"7":0,"8":0,"9":3,"10":0,"11":0,"12":3,"13":0,"14":0,"15":3,"16":3,"17":3,"18":3,"19":3,"20":3,"21":3,"22":3,"23":3,"24":12,"25":3,"26":32,"27":32,"28":32,"29":32,"30":28,"31":28,"32":4,"33":27,"34":27,"35":27,"36":23,"37":23,"38":23,"39":23,"40":3,"41":3,"42":3,"43":2,"44":2,"45":2,"46":0,"47":2,"48":1,"49":1,"50":1,"51":1,"52":1,"53":0,"54":0,"55":0,"56":0,"57":0,"58":0,"59":0,"60":0,"61":0,"62":2},"f":{"0":3,"1":32,"2":27,"3":3,"4":1,"5":0},"b":{"0":[0],"1":[0],"2":[0],"3":[0,3],"4":[0,3],"5":[0,3],"6":[3,0],"7":[28,4],"8":[0,2]},"_coverageSchema":"1a1c01bbd47fc00a2c39e90264f33305004495a9","hash":"13adabbff2d45fb36fac5d9daf434f5af3f56a4e"}
,"/workspace/expense-manager/server/routes/categories.js": {"path":"/workspace/expense-manager/server/routes/categories.js","statementMap":{"0":{"start":{"line":5,"column":16},"end":{"line":5,"column":34}},"1":{"start":{"line":6,"column":15},"end":{"line":6,"column":31}},"2":{"start":{"line":7,"column":27},"end":{"line":7,"column":71}},"3":{"start":{"line":13,"column":0},"end":{"line":20,"column":3}},"4":{"start":{"line":14,"column":2},"end":{"line":19,"column":3}},"5":{"start":{"line":15,"column":23},"end":{"line":15,"column":66}},"6":{"start":{"line":16,"column":4},"end":{"line":16,"column":25}},"7":{"start":{"line":18,"column":4},"end":{"line":18,"column":16}},"8":{"start":{"line":27,"column":0},"end":{"line":39,"column":3}},"9":{"start":{"line":28,"column":2},"end":{"line":38,"column":3}},"10":{"start":{"line":29,"column":21},"end":{"line":29,"column":72}},"11":{"start":{"line":31,"column":4},"end":{"line":33,"column":5}},"12":{"start":{"line":32,"column":6},"end":{"line":32,"column":67}},"13":{"start":{"line":35,"column":4},"end":{"line":35,"column":23}},"14":{"start":{"line":37,"column":4},"end":{"line":37,"column":16}},"15":{"start":{"line":47,"column":0},"end":{"line":63,"column":3}},"16":{"start":{"line":48,"column":2},"end":{"line":62,"column":3}},"17":{"start":{"line":49,"column":21},"end":{"line":49,"column":70}},"18":{"start":{"line":50,"column":4},"end":{"line":50,"column":35}},"19":{"start":{"line":52,"column":4},"end":{"line":57,"column":5}},"20":{"start":{"line":53,"column":6},"end":{"line":56,"column":9}},"21":{"start":{"line":58,"column":4},"end":{"line":60,"column":5}},"22":{"start":{"line":59,"column":6},"end":{"line":59,"column":60}},"23":{"start":{"line":61,"column":4},"end":{"line":61,"column":16}},"24":{"start":{"line":72,"column":0},"end":{"line":93,"column":3}},"25":{"start":{"line":73,"column":2},"end":{"line":92,"column":3}},"26":{"start":{"line":74,"column":21},"end":{"line":74,"column":85}},"27":{"start":{"line":76,"column":4},"end":{"line":78,"column":5}},"28":{"start":{"line":77,"column":6},"end":{"line":77,"column":67}},"29":{"start":{"line":80,"column":4},"end":{"line":80,"column":23}},"30":{"start":{"line":82,"column":4},"end":{"line":87,"column":5}},"31":{"start":{"line":83,"column":6},"end":{"line":86,"column":9}},"32":{"start":{"line":88,"column":4},"end":{"line":90,"column":5}},"33":{"start":{"line":89,"column":6},"end":{"line":89,"column":60}},"34":{"start":{"line":91,"column":4},"end":{"line":91,"column":16}},"35":{"start":{"line":100,"column":0},"end":{"line":115,"column":3}},"36":{"start":{"line":101,"column":2},"end":{"line":114,"column":3}},"37":{"start":{"line":102,"column":20},"end":{"line":102,"column":74}},"38":{"start":{"line":104,"column":4},"end":{"line":106,"column":5}},"39":{"start":{"line":105,"column":6},"end":{"line":105,"column":67}},"40":{"start":{"line":108,"column":4},"end":{"line":108,"column":27}},"41":{"start":{"line":110,"column":4},"end":{"line":112,"column":5}},"42":{"start":{"line":111,"column":6},"end":{"line":111,"column":60}},"43":{"start":{"line":113,"column":4},"end":{"line":113,"column":16}},"44":{"start":{"line":117,"column":0},"end":{"line":117,"column":24}}},"fnMap":{"0":{"name":"(anonymous_0)","decl":{"start":{"line":13,"column":16},"end":{"line":13,"column":17}},"loc":{"start":{"line":13,"column":42},"end":{"line":20,"column":1}},"line":13},"1":{"name":"(anonymous_1)","decl":{"start":{"line":27,"column":19},"end":{"line":27,"column":20}},"loc":{"start":{"line":27,"column":45},"end":{"line":39,"column":1}},"line":27},"2":{"name":"(anonymous_2)","decl":{"start":{"line":47,"column":17},"end":{"line":47,"column":18}},"loc":{"start":{"line":47,"column":43},"end":{"line":63,"column":1}},"line":47},"3":{"name":"(anonymous_3)","decl":{"start":{"line":72,"column":19},"end":{"line":72,"column":20}},"loc":{"start":{"line":72,"column":45},"end":{"line":93,"column":1}},"line":72},"4":{"name":"(anonymous_4)","decl":{"start":{"line":100,"column":22},"end":{"line":100,"column":23}},"loc":{"start":{"line":100,"column":48},"end":{"line":115,"column":1}},"line":100}},"branchMap":{"0":{"loc":{"start":{"line":31,"column":4},"end":{"line":33,"column":5}},"type":"if","locations":[{"start":{"line":31,"column":4},"end":{"line":33,"column":5}},{"start":{},"end":{}}],"line":31},"1":{"loc":{"start":{"line":52,"column":4},"end":{"line":57,"column":5}},"type":"if","locations":[{"start":{"line":52,"column":4},"end":{"line":57,"column":5}},{"start":{},"end":{}}],"line":52},"2":{"loc":{"start":{"line":58,"column":4},"end":{"line":60,"column":5}},"type":"if","locations":[{"start":{"line":58,"column":4},"end":{"line":60,"column":5}},{"start":{},"end":{}}],"line":58},"3":{"loc":{"start":{"line":76,"column":4},"end":{"line":78,"column":5}},"type":"if","locations":[{"start":{"line":76,"column":4},"end":{"line":78,"column":5}},{"start":{},"end":{}}],"line":76},"4":{"loc":{"start":{"line":82,"column":4},"end":{"line":87,"column":5}},"type":"if","locations":[{"start":{"line":82,"column":4},"end":{"line":87,"column":5}},{"start":{},"end":{}}],"line":82},"5":{"loc":{"start":{"line":82,"column":8},"end":{"line":82,"column":60}},"type":"binary-expr","locations":[{"start":{"line":82,"column":8},"end":{"line":82,"column":32}},{"start":{"line":82,"column":36},"end":{"line":82,"column":60}}],"line":82},"6":{"loc":{"start":{"line":88,"column":4},"end":{"line":90,"column":5}},"type":"if","locations":[{"start":{"line":88,"column":4},"end":{"line":90,"column":5}},{"start":{},"end":{}}],"line":88},"7":{"loc":{"start":{"line":104,"column":4},"end":{"line":106,"column":5}},"type":"if","locations":[{"start":{"line":104,"column":4},"end":{"line":106,"column":5}},{"start":{},"end":{}}],"line":104},"8":{"loc":{"start":{"line":110,"column":4},"end":{"line":112,"column":5}},"type":"if","locations":[{"start":{"line":110,"column":4},"end":{"line":112,"column":5}},{"start":{},"end":{}}],"line":110}},"s":{"0":0,"1":0,"2":0,"3":0,"4":0,"5":0,"6":0,"7":0,"8":0,"9":0,"10":0,"11":0,"12":0,"13":0,"14":0,"15":0,"16":0,"17":0,"18":0,"19":0,"20":0,"21":0,"22":0,"23":0,"24":0,"25":0,"26":0,"27":0,"28":0,"29":0,"30":0,"31":0,"32":0,"33":0,"34":0,"35":0,"36":0,"37":0,"38":0,"39":0,"40":0,"41":0,"42":0,"43":0,"44":0},"f":{"0":0,"1":0,"2":0,"3":0,"4":0},"b":{"0":[0,0],"1":[0,0],"2":[0,0],"3":[0,0],"4":[0,0],"5":[0,0],"6":[0,0],"7":[0,0],"8":[0,0]}}
,"/workspace/expense-manager/server/routes/expenses.js": {"path":"/workspace/expense-manager/server/routes/expenses.js","statementMap":{"0":{"start":{"line":5,"column":16},"end":{"line":5,"column":34}},"1":{"start":{"line":6,"column":15},"end":{"line":6,"column":31}},"2":{"start":{"line":7,"column":26},"end":{"line":7,"column":69}},"3":{"start":{"line":18,"column":0},"end":{"line":25,"column":3}},"4":{"start":{"line":19,"column":2},"end":{"line":24,"column":3}},"5":{"start":{"line":20,"column":21},"end":{"line":20,"column":70}},"6":{"start":{"line":21,"column":4},"end":{"line":21,"column":23}},"7":{"start":{"line":23,"column":4},"end":{"line":23,"column":16}},"8":{"start":{"line":32,"column":0},"end":{"line":44,"column":3}},"9":{"start":{"line":33,"column":2},"end":{"line":43,"column":3}},"10":{"start":{"line":34,"column":20},"end":{"line":34,"column":69}},"11":{"start":{"line":36,"column":4},"end":{"line":38,"column":5}},"12":{"start":{"line":37,"column":6},"end":{"line":37,"column":66}},"13":{"start":{"line":40,"column":4},"end":{"line":40,"column":22}},"14":{"start":{"line":42,"column":4},"end":{"line":42,"column":16}},"15":{"start":{"line":54,"column":0},"end":{"line":67,"column":3}},"16":{"start":{"line":55,"column":2},"end":{"line":66,"column":3}},"17":{"start":{"line":56,"column":20},"end":{"line":56,"column":67}},"18":{"start":{"line":57,"column":4},"end":{"line":57,"column":34}},"19":{"start":{"line":59,"column":4},"end":{"line":64,"column":5}},"20":{"start":{"line":60,"column":6},"end":{"line":63,"column":9}},"21":{"start":{"line":65,"column":4},"end":{"line":65,"column":16}},"22":{"start":{"line":78,"column":0},"end":{"line":96,"column":3}},"23":{"start":{"line":79,"column":2},"end":{"line":95,"column":3}},"24":{"start":{"line":80,"column":20},"end":{"line":80,"column":82}},"25":{"start":{"line":82,"column":4},"end":{"line":84,"column":5}},"26":{"start":{"line":83,"column":6},"end":{"line":83,"column":66}},"27":{"start":{"line":86,"column":4},"end":{"line":86,"column":22}},"28":{"start":{"line":88,"column":4},"end":{"line":93,"column":5}},"29":{"start":{"line":89,"column":6},"end":{"line":92,"column":9}},"30":{"start":{"line":94,"column":4},"end":{"line":94,"column":16}},"31":{"start":{"line":103,"column":0},"end":{"line":118,"column":3}},"32":{"start":{"line":104,"column":2},"end":{"line":117,"column":3}},"33":{"start":{"line":105,"column":20},"end":{"line":105,"column":72}},"34":{"start":{"line":107,"column":4},"end":{"line":109,"column":5}},"35":{"start":{"line":108,"column":6},"end":{"line":108,"column":66}},"36":{"start":{"line":111,"column":4},"end":{"line":111,"column":27}},"37":{"start":{"line":113,"column":4},"end":{"line":115,"column":5}},"38":{"start":{"line":114,"column":6},"end":{"line":114,"column":60}},"39":{"start":{"line":116,"column":4},"end":{"line":116,"column":16}},"40":{"start":{"line":120,"column":0},"end":{"line":120,"column":24}}},"fnMap":{"0":{"name":"(anonymous_0)","decl":{"start":{"line":18,"column":16},"end":{"line":18,"column":17}},"loc":{"start":{"line":18,"column":42},"end":{"line":25,"column":1}},"line":18},"1":{"name":"(anonymous_1)","decl":{"start":{"line":32,"column":19},"end":{"line":32,"column":20}},"loc":{"start":{"line":32,"column":45},"end":{"line":44,"column":1}},"line":32},"2":{"name":"(anonymous_2)","decl":{"start":{"line":54,"column":17},"end":{"line":54,"column":18}},"loc":{"start":{"line":54,"column":43},"end":{"line":67,"column":1}},"line":54},"3":{"name":"(anonymous_3)","decl":{"start":{"line":78,"column":19},"end":{"line":78,"column":20}},"loc":{"start":{"line":78,"column":45},"end":{"line":96,"column":1}},"line":78},"4":{"name":"(anonymous_4)","decl":{"start":{"line":103,"column":22},"end":{"line":103,"column":23}},"loc":{"start":{"line":103,"column":48},"end":{"line":118,"column":1}},"line":103}},"branchMap":{"0":{"loc":{"start":{"line":36,"column":4},"end":{"line":38,"column":5}},"type":"if","locations":[{"start":{"line":36,"column":4},"end":{"line":38,"column":5}},{"start":{},"end":{}}],"line":36},"1":{"loc":{"start":{"line":59,"column":4},"end":{"line":64,"column":5}},"type":"if","locations":[{"start":{"line":59,"column":4},"end":{"line":64,"column":5}},{"start":{},"end":{}}],"line":59},"2":{"loc":{"start":{"line":82,"column":4},"end":{"line":84,"column":5}},"type":"if","locations":[{"start":{"line":82,"column":4},"end":{"line":84,"column":5}},{"start":{},"end":{}}],"line":82},"3":{"loc":{"start":{"line":88,"column":4},"end":{"line":93,"column":5}},"type":"if","locations":[{"start":{"line":88,"column":4},"end":{"line":93,"column":5}},{"start":{},"end":{}}],"line":88},"4":{"loc":{"start":{"line":88,"column":8},"end":{"line":88,"column":60}},"type":"binary-expr","locations":[{"start":{"line":88,"column":8},"end":{"line":88,"column":32}},{"start":{"line":88,"column":36},"end":{"line":88,"column":60}}],"line":88},"5":{"loc":{"start":{"line":107,"column":4},"end":{"line":109,"column":5}},"type":"if","locations":[{"start":{"line":107,"column":4},"end":{"line":109,"column":5}},{"start":{},"end":{}}],"line":107},"6":{"loc":{"start":{"line":113,"column":4},"end":{"line":115,"column":5}},"type":"if","locations":[{"start":{"line":113,"column":4},"end":{"line":115,"column":5}},{"start":{},"end":{}}],"line":113}},"s":{"0":1,"1":1,"2":1,"3":1,"4":2,"5":2,"6":2,"7":0,"8":1,"9":2,"10":2,"11":2,"12":1,"13":1,"14":0,"15":1,"16":3,"17":3,"18":1,"19":2,"20":2,"21":0,"22":1,"23":2,"24":2,"25":1,"26":0,"27":1,"28":1,"29":1,"30":0,"31":1,"32":1,"33":1,"34":0,"35":0,"36":0,"37":1,"38":1,"39":0,"40":1},"f":{"0":2,"1":2,"2":3,"3":2,"4":1},"b":{"0":[1,1],"1":[2,0],"2":[0,1],"3":[1,0],"4":[1,1],"5":[0,0],"6":[1,0]},"_coverageSchema":"1a1c01bbd47fc00a2c39e90264f33305004495a9","hash":"ce49014bba44b8a81d8d8b7887a71d3423f8d8ee"}
,"/workspace/expense-manager/server/scripts/seedData.js": {"path":"/workspace/expense-manager/server/scripts/seedData.js","statementMap":{"0":{"start":{"line":6,"column":13},"end":{"line":6,"column":28}},"1":{"start":{"line":7,"column":17},"end":{"line":7,"column":42}},"2":{"start":{"line":8,"column":11},"end":{"line":8,"column":24}},"3":{"start":{"line":11,"column":15},"end":{"line":11,"column":90}},"4":{"start":{"line":14,"column":16},"end":{"line":14,"column":36}},"5":{"start":{"line":15,"column":0},"end":{"line":17,"column":1}},"6":{"start":{"line":16,"column":2},"end":{"line":16,"column":45}},"7":{"start":{"line":20,"column":0},"end":{"line":23,"column":1}},"8":{"start":{"line":21,"column":2},"end":{"line":21,"column":24}},"9":{"start":{"line":22,"column":2},"end":{"line":22,"column":50}},"10":{"start":{"line":26,"column":11},"end":{"line":26,"column":31}},"11":{"start":{"line":27,"column":0},"end":{"line":27,"column":32}},"12":{"start":{"line":29,"column":0},"end":{"line":29,"column":66}},"13":{"start":{"line":32,"column":0},"end":{"line":39,"column":3}},"14":{"start":{"line":41,"column":0},"end":{"line":52,"column":3}},"15":{"start":{"line":55,"column":0},"end":{"line":58,"column":3}},"16":{"start":{"line":61,"column":26},"end":{"line":70,"column":1}},"17":{"start":{"line":72,"column":23},"end":{"line":72,"column":87}},"18":{"start":{"line":73,"column":29},"end":{"line":77,"column":2}},"19":{"start":{"line":74,"column":2},"end":{"line":76,"column":3}},"20":{"start":{"line":75,"column":4},"end":{"line":75,"column":44}},"21":{"start":{"line":79,"column":0},"end":{"line":79,"column":40}},"22":{"start":{"line":80,"column":0},"end":{"line":80,"column":67}},"23":{"start":{"line":83,"column":19},"end":{"line":83,"column":70}},"24":{"start":{"line":84,"column":20},"end":{"line":84,"column":22}},"25":{"start":{"line":85,"column":0},"end":{"line":87,"column":3}},"26":{"start":{"line":86,"column":2},"end":{"line":86,"column":33}},"27":{"start":{"line":90,"column":21},"end":{"line":90,"column":42}},"28":{"start":{"line":91,"column":20},"end":{"line":91,"column":44}},"29":{"start":{"line":92,"column":18},"end":{"line":92,"column":60}},"30":{"start":{"line":93,"column":22},"end":{"line":93,"column":72}},"31":{"start":{"line":95,"column":21},"end":{"line":128,"column":1}},"32":{"start":{"line":130,"column":22},"end":{"line":133,"column":2}},"33":{"start":{"line":135,"column":27},"end":{"line":142,"column":2}},"34":{"start":{"line":136,"column":2},"end":{"line":141,"column":3}},"35":{"start":{"line":137,"column":23},"end":{"line":137,"column":52}},"36":{"start":{"line":138,"column":17},"end":{"line":138,"column":67}},"37":{"start":{"line":139,"column":26},"end":{"line":139,"column":58}},"38":{"start":{"line":140,"column":4},"end":{"line":140,"column":86}},"39":{"start":{"line":144,"column":0},"end":{"line":144,"column":33}},"40":{"start":{"line":145,"column":0},"end":{"line":145,"column":58}},"41":{"start":{"line":148,"column":26},"end":{"line":153,"column":70}},"42":{"start":{"line":155,"column":23},"end":{"line":160,"column":69}},"43":{"start":{"line":162,"column":0},"end":{"line":162,"column":49}},"44":{"start":{"line":163,"column":0},"end":{"line":163,"column":86}},"45":{"start":{"line":164,"column":0},"end":{"line":164,"column":85}},"46":{"start":{"line":167,"column":0},"end":{"line":167,"column":11}},"47":{"start":{"line":169,"column":0},"end":{"line":169,"column":81}},"48":{"start":{"line":170,"column":0},"end":{"line":170,"column":41}}},"fnMap":{"0":{"name":"(anonymous_0)","decl":{"start":{"line":73,"column":44},"end":{"line":73,"column":45}},"loc":{"start":{"line":73,"column":60},"end":{"line":77,"column":1}},"line":73},"1":{"name":"(anonymous_1)","decl":{"start":{"line":85,"column":19},"end":{"line":85,"column":20}},"loc":{"start":{"line":85,"column":26},"end":{"line":87,"column":1}},"line":85},"2":{"name":"(anonymous_2)","decl":{"start":{"line":135,"column":42},"end":{"line":135,"column":43}},"loc":{"start":{"line":135,"column":56},"end":{"line":142,"column":1}},"line":135}},"branchMap":{"0":{"loc":{"start":{"line":11,"column":15},"end":{"line":11,"column":90}},"type":"binary-expr","locations":[{"start":{"line":11,"column":15},"end":{"line":11,"column":40}},{"start":{"line":11,"column":44},"end":{"line":11,"column":90}}],"line":11},"1":{"loc":{"start":{"line":15,"column":0},"end":{"line":17,"column":1}},"type":"if","locations":[{"start":{"line":15,"column":0},"end":{"line":17,"column":1}},{"start":{},"end":{}}],"line":15},"2":{"loc":{"start":{"line":20,"column":0},"end":{"line":23,"column":1}},"type":"if","locations":[{"start":{"line":20,"column":0},"end":{"line":23,"column":1}},{"start":{},"end":{}}],"line":20},"3":{"loc":{"start":{"line":92,"column":18},"end":{"line":92,"column":60}},"type":"cond-expr","locations":[{"start":{"line":92,"column":39},"end":{"line":92,"column":41}},{"start":{"line":92,"column":44},"end":{"line":92,"column":60}}],"line":92},"4":{"loc":{"start":{"line":93,"column":22},"end":{"line":93,"column":72}},"type":"cond-expr","locations":[{"start":{"line":93,"column":43},"end":{"line":93,"column":58}},{"start":{"line":93,"column":61},"end":{"line":93,"column":72}}],"line":93},"5":{"loc":{"start":{"line":163,"column":37},"end":{"line":163,"column":82}},"type":"binary-expr","locations":[{"start":{"line":163,"column":37},"end":{"line":163,"column":72}},{"start":{"line":163,"column":76},"end":{"line":163,"column":82}}],"line":163},"6":{"loc":{"start":{"line":164,"column":39},"end":{"line":164,"column":81}},"type":"binary-expr","locations":[{"start":{"line":164,"column":39},"end":{"line":164,"column":71}},{"start":{"line":164,"column":75},"end":{"line":164,"column":81}}],"line":164}},"s":{"0":0,"1":0,"2":0,"3":0,"4":0,"5":0,"6":0,"7":0,"8":0,"9":0,"10":0,"11":0,"12":0,"13":0,"14":0,"15":0,"16":0,"17":0,"18":0,"19":0,"20":0,"21":0,"22":0,"23":0,"24":0,"25":0,"26":0,"27":0,"28":0,"29":0,"30":0,"31":0,"32":0,"33":0,"34":0,"35":0,"36":0,"37":0,"38":0,"39":0,"40":0,"41":0,"42":0,"43":0,"44":0,"45":0,"46":0,"47":0,"48":0},"f":{"0":0,"1":0,"2":0},"b":{"0":[0,0],"1":[0,0],"2":[0,0],"3":[0,0],"4":[0,0],"5":[0,0],"6":[0,0]}}
}
