TN:
SF:server/controllers/categoryController.js
FN:12,validateCategoryData
FN:42,getAllCategories
FN:51,getCategory
FN:61,createCategory
FN:84,updateCategory
FN:120,deleteCategory
FNF:6
FNH:0
FNDA:0,validateCategoryData
FNDA:0,getAllCategories
FNDA:0,getCategory
FNDA:0,createCategory
FNDA:0,updateCategory
FNDA:0,deleteCategory
DA:5,0
DA:13,0
DA:16,0
DA:17,0
DA:18,0
DA:19,0
DA:20,0
DA:21,0
DA:25,0
DA:26,0
DA:27,0
DA:28,0
DA:32,0
DA:43,0
DA:52,0
DA:62,0
DA:64,0
DA:65,0
DA:66,0
DA:67,0
DA:68,0
DA:71,0
DA:85,0
DA:86,0
DA:87,0
DA:88,0
DA:89,0
DA:92,0
DA:93,0
DA:94,0
DA:95,0
DA:96,0
DA:97,0
DA:100,0
DA:105,0
DA:106,0
DA:107,0
DA:108,0
DA:111,0
DA:121,0
DA:122,0
DA:123,0
DA:124,0
DA:125,0
DA:128,0
DA:131,0
LF:46
LH:0
BRDA:16,0,0,0
BRDA:16,0,1,0
BRDA:16,1,0,0
BRDA:16,1,1,0
BRDA:18,2,0,0
BRDA:18,2,1,0
BRDA:20,3,0,0
BRDA:20,3,1,0
BRDA:25,4,0,0
BRDA:25,4,1,0
BRDA:27,5,0,0
BRDA:27,5,1,0
BRDA:64,6,0,0
BRDA:64,6,1,0
BRDA:73,7,0,0
BRDA:73,7,1,0
BRDA:86,8,0,0
BRDA:86,8,1,0
BRDA:93,9,0,0
BRDA:93,9,1,0
BRDA:105,10,0,0
BRDA:105,10,1,0
BRDA:122,11,0,0
BRDA:122,11,1,0
BRF:24
BRH:0
end_of_record
TN:
SF:server/controllers/expenseController.js
FN:12,validateExpenseData
FN:55,getAllExpenses
FN:70,getExpense
FN:80,createExpense
FN:100,updateExpense
FN:132,deleteExpense
FN:148,getSummary
FNF:7
FNH:6
FNDA:4,validateExpenseData
FNDA:2,getAllExpenses
FNDA:2,getExpense
FNDA:3,createExpense
FNDA:2,updateExpense
FNDA:1,deleteExpense
FNDA:0,getSummary
DA:5,1
DA:13,4
DA:16,4
DA:17,0
DA:18,4
DA:19,1
DA:23,4
DA:24,1
DA:25,3
DA:26,0
DA:30,4
DA:31,0
DA:33,4
DA:34,4
DA:35,0
DA:40,4
DA:41,0
DA:44,4
DA:56,2
DA:57,2
DA:58,2
DA:59,2
DA:60,2
DA:62,2
DA:71,2
DA:81,3
DA:83,3
DA:84,2
DA:85,2
DA:86,2
DA:87,2
DA:90,1
DA:101,2
DA:102,2
DA:103,1
DA:104,1
DA:105,1
DA:108,1
DA:109,1
DA:110,0
DA:111,0
DA:112,0
DA:113,0
DA:116,1
DA:117,1
DA:118,0
DA:119,0
DA:120,0
DA:123,1
DA:133,1
DA:134,1
DA:135,1
DA:136,1
DA:137,1
DA:140,0
DA:149,0
DA:151,0
DA:152,0
DA:153,0
DA:156,0
DA:157,0
DA:158,0
DA:159,0
DA:160,0
DA:163,0
DA:164,0
DA:165,0
DA:166,0
DA:169,0
DA:176,0
DA:183,0
DA:197,0
DA:213,0
DA:214,0
DA:215,0
DA:219,0
DA:243,1
LF:77
LH:43
BRDA:16,0,0,0
BRDA:16,0,1,4
BRDA:16,1,0,4
BRDA:16,1,1,4
BRDA:18,2,0,1
BRDA:18,2,1,3
BRDA:18,3,0,4
BRDA:18,3,1,4
BRDA:23,4,0,1
BRDA:23,4,1,3
BRDA:25,5,0,0
BRDA:25,5,1,3
BRDA:30,6,0,0
BRDA:30,6,1,4
BRDA:34,7,0,0
BRDA:34,7,1,4
BRDA:40,8,0,0
BRDA:40,8,1,4
BRDA:40,9,0,4
BRDA:40,9,1,2
BRDA:56,10,0,2
BRDA:56,10,1,2
BRDA:57,11,0,2
BRDA:57,11,1,2
BRDA:58,12,0,0
BRDA:58,12,1,2
BRDA:83,13,0,2
BRDA:83,13,1,1
BRDA:102,14,0,1
BRDA:102,14,1,1
BRDA:109,15,0,0
BRDA:109,15,1,1
BRDA:117,16,0,0
BRDA:117,16,1,1
BRDA:134,17,0,1
BRDA:134,17,1,0
BRDA:148,18,0,0
BRDA:158,19,0,0
BRDA:158,19,1,0
BRDA:207,20,0,0
BRDA:207,20,1,0
BRDA:210,21,0,0
BRDA:210,21,1,0
BRDA:215,22,0,0
BRDA:215,22,1,0
BRF:45
BRH:27
end_of_record
TN:
SF:server/models/categoryModel.js
FN:11,getAllCategories
FN:26,getCategoryById
FN:43,createCategory
FN:67,updateCategory
FN:98,deleteCategory
FN:111,getCategoryWithCount
FNF:6
FNH:2
FNDA:0,getAllCategories
FNDA:3,getCategoryById
FNDA:3,createCategory
FNDA:0,updateCategory
FNDA:0,deleteCategory
FNDA:0,getCategoryWithCount
DA:5,2
DA:12,0
DA:13,0
DA:14,0
DA:15,0
DA:16,0
DA:18,0
DA:27,3
DA:28,3
DA:29,3
DA:30,3
DA:31,3
DA:33,0
DA:44,3
DA:45,3
DA:47,3
DA:48,3
DA:49,3
DA:50,3
DA:51,3
DA:52,3
DA:54,0
DA:55,0
DA:57,0
DA:68,0
DA:69,0
DA:71,0
DA:72,0
DA:77,0
DA:79,0
DA:80,0
DA:81,0
DA:84,0
DA:86,0
DA:87,0
DA:89,0
DA:99,0
DA:100,0
DA:101,0
DA:102,0
DA:103,0
DA:112,0
DA:113,0
DA:123,0
DA:124,0
DA:125,0
DA:127,0
DA:130,2
LF:48
LH:15
BRDA:30,0,0,3
BRDA:30,0,1,0
BRDA:45,1,0,0
BRDA:54,2,0,0
BRDA:54,2,1,0
BRDA:80,3,0,0
BRDA:80,3,1,0
BRDA:86,4,0,0
BRDA:86,4,1,0
BRDA:124,5,0,0
BRDA:124,5,1,0
BRF:11
BRH:1
end_of_record
TN:
SF:server/models/database.js
FN:16,initDatabase
FN:87,(anonymous_1)
FN:101,saveDatabase
FN:118,getDb
FN:128,closeDatabase
FNF:5
FNH:4
FNDA:2,initDatabase
FNDA:0,(anonymous_1)
FNDA:31,saveDatabase
FNDA:84,getDb
FNDA:2,closeDatabase
DA:5,2
DA:6,2
DA:7,2
DA:9,2
DA:10,2
DA:17,2
DA:20,2
DA:21,2
DA:22,0
DA:26,2
DA:29,2
DA:30,2
DA:31,2
DA:32,2
DA:33,2
DA:35,0
DA:36,0
DA:39,0
DA:40,0
DA:44,2
DA:54,2
DA:68,2
DA:69,2
DA:72,2
DA:73,2
DA:75,2
DA:76,0
DA:87,0
DA:88,0
DA:90,0
DA:91,0
DA:94,2
DA:95,2
DA:102,31
DA:103,31
DA:105,31
DA:106,31
DA:108,0
DA:109,0
DA:110,0
DA:119,84
DA:120,0
DA:122,84
DA:129,2
DA:130,2
DA:131,2
DA:132,2
DA:133,2
DA:137,2
LF:49
LH:35
BRDA:17,0,0,2
BRDA:17,0,1,0
BRDA:21,1,0,0
BRDA:21,1,1,2
BRDA:30,2,0,2
BRDA:30,2,1,0
BRDA:73,3,0,2
BRDA:73,3,1,0
BRDA:75,4,0,0
BRDA:75,4,1,2
BRDA:102,5,0,31
BRDA:102,5,1,0
BRDA:102,6,0,31
BRDA:102,6,1,31
BRDA:103,7,0,31
BRDA:103,7,1,0
BRDA:105,8,0,31
BRDA:105,8,1,0
BRDA:119,9,0,0
BRDA:119,9,1,84
BRDA:129,10,0,2
BRDA:129,10,1,0
BRF:22
BRH:12
end_of_record
TN:
SF:server/models/expenseModel.js
FN:17,getAllExpenses
FN:88,getExpenseById
FN:117,createExpense
FN:139,updateExpense
FN:164,deleteExpense
FN:178,getExpensesByMonth
FNF:6
FNH:5
FNDA:3,getAllExpenses
FNDA:32,getExpenseById
FNDA:27,createExpense
FNDA:3,updateExpense
FNDA:1,deleteExpense
FNDA:0,getExpensesByMonth
DA:5,2
DA:18,3
DA:19,3
DA:20,3
DA:22,3
DA:23,3
DA:25,3
DA:26,0
DA:27,0
DA:30,3
DA:31,0
DA:32,0
DA:35,3
DA:36,0
DA:37,0
DA:41,3
DA:42,3
DA:43,3
DA:46,3
DA:64,3
DA:65,3
DA:66,3
DA:67,3
DA:68,3
DA:69,12
DA:72,3
DA:89,32
DA:90,32
DA:99,32
DA:101,32
DA:102,28
DA:103,28
DA:105,4
DA:118,27
DA:119,27
DA:121,27
DA:126,23
DA:128,23
DA:129,23
DA:130,23
DA:140,3
DA:141,3
DA:143,3
DA:149,2
DA:151,2
DA:152,2
DA:153,0
DA:156,2
DA:165,1
DA:166,1
DA:167,1
DA:168,1
DA:169,1
DA:179,0
DA:180,0
DA:181,0
DA:183,0
DA:193,0
DA:195,0
DA:196,0
DA:197,0
DA:199,0
DA:202,2
LF:63
LH:47
BRDA:17,0,0,0
BRDA:19,1,0,0
BRDA:19,2,0,0
BRDA:25,3,0,0
BRDA:25,3,1,3
BRDA:30,4,0,0
BRDA:30,4,1,3
BRDA:35,5,0,0
BRDA:35,5,1,3
BRDA:43,6,0,3
BRDA:43,6,1,0
BRDA:101,7,0,28
BRDA:101,7,1,4
BRDA:152,8,0,0
BRDA:152,8,1,2
BRF:15
BRH:7
end_of_record
TN:
SF:server/routes/categories.js
FN:13,(anonymous_0)
FN:27,(anonymous_1)
FN:47,(anonymous_2)
FN:72,(anonymous_3)
FN:100,(anonymous_4)
FNF:5
FNH:0
FNDA:0,(anonymous_0)
FNDA:0,(anonymous_1)
FNDA:0,(anonymous_2)
FNDA:0,(anonymous_3)
FNDA:0,(anonymous_4)
DA:5,0
DA:6,0
DA:7,0
DA:13,0
DA:14,0
DA:15,0
DA:16,0
DA:18,0
DA:27,0
DA:28,0
DA:29,0
DA:31,0
DA:32,0
DA:35,0
DA:37,0
DA:47,0
DA:48,0
DA:49,0
DA:50,0
DA:52,0
DA:53,0
DA:58,0
DA:59,0
DA:61,0
DA:72,0
DA:73,0
DA:74,0
DA:76,0
DA:77,0
DA:80,0
DA:82,0
DA:83,0
DA:88,0
DA:89,0
DA:91,0
DA:100,0
DA:101,0
DA:102,0
DA:104,0
DA:105,0
DA:108,0
DA:110,0
DA:111,0
DA:113,0
DA:117,0
LF:45
LH:0
BRDA:31,0,0,0
BRDA:31,0,1,0
BRDA:52,1,0,0
BRDA:52,1,1,0
BRDA:58,2,0,0
BRDA:58,2,1,0
BRDA:76,3,0,0
BRDA:76,3,1,0
BRDA:82,4,0,0
BRDA:82,4,1,0
BRDA:82,5,0,0
BRDA:82,5,1,0
BRDA:88,6,0,0
BRDA:88,6,1,0
BRDA:104,7,0,0
BRDA:104,7,1,0
BRDA:110,8,0,0
BRDA:110,8,1,0
BRF:18
BRH:0
end_of_record
TN:
SF:server/routes/expenses.js
FN:18,(anonymous_0)
FN:32,(anonymous_1)
FN:54,(anonymous_2)
FN:78,(anonymous_3)
FN:103,(anonymous_4)
FNF:5
FNH:5
FNDA:2,(anonymous_0)
FNDA:2,(anonymous_1)
FNDA:3,(anonymous_2)
FNDA:2,(anonymous_3)
FNDA:1,(anonymous_4)
DA:5,1
DA:6,1
DA:7,1
DA:18,1
DA:19,2
DA:20,2
DA:21,2
DA:23,0
DA:32,1
DA:33,2
DA:34,2
DA:36,2
DA:37,1
DA:40,1
DA:42,0
DA:54,1
DA:55,3
DA:56,3
DA:57,1
DA:59,2
DA:60,2
DA:65,0
DA:78,1
DA:79,2
DA:80,2
DA:82,1
DA:83,0
DA:86,1
DA:88,1
DA:89,1
DA:94,0
DA:103,1
DA:104,1
DA:105,1
DA:107,0
DA:108,0
DA:111,0
DA:113,1
DA:114,1
DA:116,0
DA:120,1
LF:41
LH:32
BRDA:36,0,0,1
BRDA:36,0,1,1
BRDA:59,1,0,2
BRDA:59,1,1,0
BRDA:82,2,0,0
BRDA:82,2,1,1
BRDA:88,3,0,1
BRDA:88,3,1,0
BRDA:88,4,0,1
BRDA:88,4,1,1
BRDA:107,5,0,0
BRDA:107,5,1,0
BRDA:113,6,0,1
BRDA:113,6,1,0
BRF:14
BRH:8
end_of_record
TN:
SF:server/scripts/seedData.js
FN:73,(anonymous_0)
FN:85,(anonymous_1)
FN:135,(anonymous_2)
FNF:3
FNH:0
FNDA:0,(anonymous_0)
FNDA:0,(anonymous_1)
FNDA:0,(anonymous_2)
DA:6,0
DA:7,0
DA:8,0
DA:11,0
DA:14,0
DA:15,0
DA:16,0
DA:20,0
DA:21,0
DA:22,0
DA:26,0
DA:27,0
DA:29,0
DA:32,0
DA:41,0
DA:55,0
DA:61,0
DA:72,0
DA:73,0
DA:74,0
DA:75,0
DA:79,0
DA:80,0
DA:83,0
DA:84,0
DA:85,0
DA:86,0
DA:90,0
DA:91,0
DA:92,0
DA:93,0
DA:95,0
DA:130,0
DA:135,0
DA:136,0
DA:137,0
DA:138,0
DA:139,0
DA:140,0
DA:144,0
DA:145,0
DA:148,0
DA:155,0
DA:162,0
DA:163,0
DA:164,0
DA:167,0
DA:169,0
DA:170,0
LF:49
LH:0
BRDA:11,0,0,0
BRDA:11,0,1,0
BRDA:15,1,0,0
BRDA:15,1,1,0
BRDA:20,2,0,0
BRDA:20,2,1,0
BRDA:92,3,0,0
BRDA:92,3,1,0
BRDA:93,4,0,0
BRDA:93,4,1,0
BRDA:163,5,0,0
BRDA:163,5,1,0
BRDA:164,6,0,0
BRDA:164,6,1,0
BRF:14
BRH:0
end_of_record
